0 info it worked if it ends with ok
1 verbose cli [ 'C:\\Program Files\\nodejs\\node.exe',
1 verbose cli   'C:\\Program Files\\nodejs\\node_modules\\npm\\bin\\npm-cli.js',
1 verbose cli   'install',
1 verbose cli   'requires-login' ]
2 info using npm@2.14.12
3 info using node@v4.3.0
4 verbose install initial load of C:\nodeproject\contactlistapp\dry_ticket\dry-thicket-81721\package.json
5 verbose installManyTop reading scoped package data from C:\nodeproject\contactlistapp\dry_ticket\dry-thicket-81721\node_modules\binaryjs\package.json
6 verbose installManyTop reading scoped package data from C:\nodeproject\contactlistapp\dry_ticket\dry-thicket-81721\node_modules\cookie-parser\package.json
7 verbose installManyTop reading scoped package data from C:\nodeproject\contactlistapp\dry_ticket\dry-thicket-81721\node_modules\express\package.json
8 verbose installManyTop reading scoped package data from C:\nodeproject\contactlistapp\dry_ticket\dry-thicket-81721\node_modules\express-session\package.json
9 verbose installManyTop reading scoped package data from C:\nodeproject\contactlistapp\dry_ticket\dry-thicket-81721\node_modules\gridfs-stream\package.json
10 verbose installManyTop reading scoped package data from C:\nodeproject\contactlistapp\dry_ticket\dry-thicket-81721\node_modules\mongodb\package.json
11 verbose installManyTop reading scoped package data from C:\nodeproject\contactlistapp\dry_ticket\dry-thicket-81721\node_modules\mongoose\package.json
12 verbose installManyTop reading scoped package data from C:\nodeproject\contactlistapp\dry_ticket\dry-thicket-81721\node_modules\passport\package.json
13 verbose installManyTop reading scoped package data from C:\nodeproject\contactlistapp\dry_ticket\dry-thicket-81721\node_modules\passport-auth0\package.json
14 info package.json binaryjs@0.2.1 No license field.
15 info package.json express@3.4.6 No license field.
16 info package.json gridfs-stream@1.1.1 No license field.
17 verbose readDependencies loading dependencies from C:\nodeproject\contactlistapp\dry_ticket\dry-thicket-81721\package.json
18 silly cache add args [ 'requires-login', null ]
19 verbose cache add spec requires-login
20 silly cache add parsed spec Result {
20 silly cache add   raw: 'requires-login',
20 silly cache add   scope: null,
20 silly cache add   name: 'requires-login',
20 silly cache add   rawSpec: '',
20 silly cache add   spec: 'latest',
20 silly cache add   type: 'tag' }
21 silly addNamed requires-login@latest
22 verbose addNamed "latest" is being treated as a dist-tag for requires-login
23 info addNameTag [ 'requires-login', 'latest' ]
24 silly mapToRegistry name requires-login
25 silly mapToRegistry using default registry
26 silly mapToRegistry registry https://registry.npmjs.org/
27 silly mapToRegistry uri https://registry.npmjs.org/requires-login
28 verbose addNameTag registry:https://registry.npmjs.org/requires-login not in flight; fetching
29 verbose request uri https://registry.npmjs.org/requires-login
30 verbose request no auth needed
31 info attempt registry request try #1 at 8:41:10 AM
32 verbose request id 1ec5777f3dffcf92
33 http request GET https://registry.npmjs.org/requires-login
34 http 404 https://registry.npmjs.org/requires-login
35 verbose headers { 'content-type': 'application/json',
35 verbose headers   'cache-control': 'max-age=0',
35 verbose headers   'content-length': '2',
35 verbose headers   'accept-ranges': 'bytes',
35 verbose headers   date: 'Sat, 09 Apr 2016 15:41:30 GMT',
35 verbose headers   via: '1.1 varnish',
35 verbose headers   age: '0',
35 verbose headers   connection: 'keep-alive',
35 verbose headers   'x-served-by': 'cache-sjc3122-SJC',
35 verbose headers   'x-cache': 'MISS',
35 verbose headers   'x-cache-hits': '0',
35 verbose headers   'x-timer': 'S1460216490.130638,VS0,VE135',
35 verbose headers   vary: 'Accept-Encoding' }
36 silly get cb [ 404,
36 silly get   { 'content-type': 'application/json',
36 silly get     'cache-control': 'max-age=0',
36 silly get     'content-length': '2',
36 silly get     'accept-ranges': 'bytes',
36 silly get     date: 'Sat, 09 Apr 2016 15:41:30 GMT',
36 silly get     via: '1.1 varnish',
36 silly get     age: '0',
36 silly get     connection: 'keep-alive',
36 silly get     'x-served-by': 'cache-sjc3122-SJC',
36 silly get     'x-cache': 'MISS',
36 silly get     'x-cache-hits': '0',
36 silly get     'x-timer': 'S1460216490.130638,VS0,VE135',
36 silly get     vary: 'Accept-Encoding' } ]
37 verbose stack Error: Registry returned 404 for GET on https://registry.npmjs.org/requires-login
37 verbose stack     at makeError (C:\Program Files\nodejs\node_modules\npm\node_modules\npm-registry-client\lib\request.js:264:12)
37 verbose stack     at CachingRegistryClient.<anonymous> (C:\Program Files\nodejs\node_modules\npm\node_modules\npm-registry-client\lib\request.js:242:14)
37 verbose stack     at Request._callback (C:\Program Files\nodejs\node_modules\npm\node_modules\npm-registry-client\lib\request.js:172:14)
37 verbose stack     at Request.self.callback (C:\Program Files\nodejs\node_modules\npm\node_modules\request\request.js:198:22)
37 verbose stack     at emitTwo (events.js:87:13)
37 verbose stack     at Request.emit (events.js:172:7)
37 verbose stack     at Request.<anonymous> (C:\Program Files\nodejs\node_modules\npm\node_modules\request\request.js:1082:10)
37 verbose stack     at emitOne (events.js:82:20)
37 verbose stack     at Request.emit (events.js:169:7)
37 verbose stack     at IncomingMessage.<anonymous> (C:\Program Files\nodejs\node_modules\npm\node_modules\request\request.js:1009:12)
38 verbose statusCode 404
39 verbose pkgid requires-login
40 verbose cwd C:\nodeproject\contactlistapp\dry_ticket\dry-thicket-81721
41 error Windows_NT 10.0.10586
42 error argv "C:\\Program Files\\nodejs\\node.exe" "C:\\Program Files\\nodejs\\node_modules\\npm\\bin\\npm-cli.js" "install" "requires-login"
43 error node v4.3.0
44 error npm  v2.14.12
45 error code E404
46 error 404 Registry returned 404 for GET on https://registry.npmjs.org/requires-login
46 error 404
46 error 404 'requires-login' is not in the npm registry.
46 error 404 You should bug the author to publish it (or use the name yourself!)
46 error 404 It was specified as a dependency of 'video-uploader-mahima'
46 error 404
46 error 404 Note that you can also install from a
46 error 404 tarball, folder, http url, or git url.
47 verbose exit [ 1, true ]
